[Message:   BepInEx] BepInEx 5.4.22.0 - Lethal Company (12/10/2023 7:32:05 PM)
[Info   :   BepInEx] Running under Unity v2022.3.9.15351836
[Info   :   BepInEx] CLR runtime version: 4.0.30319.42000
[Info   :   BepInEx] Supports SRE: True
[Info   :   BepInEx] System platform: Bits64, Windows
[Message:   BepInEx] Preloader started
[Info   :   BepInEx] Loaded 1 patcher method from [BepInEx.Preloader 5.4.22.0]
[Info   :   BepInEx] Loaded 1 patcher method from [BepInEx.MonoMod.HookGenPatcher 1.2.1.0]
[Info   :   BepInEx] 2 patcher plugins loaded
[Info   :HookGenPatcher] Previous MMHOOK location found. Using that location to save instead.
[Info   :HookGenPatcher] Already ran for this version, reusing that file.
[Info   :HookGenPatcher] Previous MMHOOK location found. Using that location to save instead.
[Info   :HookGenPatcher] Already ran for this version, reusing that file.
[Info   :HookGenPatcher] Previous MMHOOK location found. Using that location to save instead.
[Info   :HookGenPatcher] Already ran for this version, reusing that file.
[Info   :HookGenPatcher] Previous MMHOOK location found. Using that location to save instead.
[Info   :HookGenPatcher] Already ran for this version, reusing that file.
[Info   :HookGenPatcher] Previous MMHOOK location found. Using that location to save instead.
[Info   :HookGenPatcher] Already ran for this version, reusing that file.
[Info   :HookGenPatcher] Previous MMHOOK location found. Using that location to save instead.
[Info   :HookGenPatcher] Already ran for this version, reusing that file.
[Info   :   BepInEx] Patching [UnityEngine.CoreModule] with [BepInEx.Chainloader]
[Message:   BepInEx] Preloader finished
[Message:   BepInEx] Chainloader ready
[Message:   BepInEx] Chainloader started
[Info   :   BepInEx] 22 plugins to load
[Info   :   BepInEx] Loading [LethalConfig 1.3.4]
[Info   :ainavt.lc.lethalconfig] Finished loading assets.
[Info   :ainavt.lc.lethalconfig] Registered config "LethalConfig/Example/Int Slider"
[Info   :ainavt.lc.lethalconfig] Registered config "LethalConfig/Example/Float Slider"
[Info   :ainavt.lc.lethalconfig] Registered config "LethalConfig/Example/Float Step Slider"
[Info   :ainavt.lc.lethalconfig] Registered config "LethalConfig/Example/Bool Checkbox"
[Info   :ainavt.lc.lethalconfig] Registered config "LethalConfig/Example/Enum Dropdown"
[Info   :ainavt.lc.lethalconfig] Registered config "LethalConfig/Example/Text Input"
[Info   :ainavt.lc.lethalconfig] Registered config "LethalConfig.ConfigItems.GenericButtonConfigItem"
[Info   :ainavt.lc.lethalconfig] Registered config "LethalConfig/Example/Int Input"
[Info   :ainavt.lc.lethalconfig] Registered config "LethalConfig/Example/Float Input"
[Info   :ainavt.lc.lethalconfig] LethalConfig loaded!
[Info   :   BepInEx] Loading [Terminal Api 1.5.0]
[Info   :Terminal Api] Plugin TerminalApi is loaded!
[Info   :   BepInEx] Loading [Insanity Remastered 1.0.8]
[Info   :   BepInEx] Loading [LethalLib 0.13.2]
[Info   : LethalLib] LethalLib loaded!!
[Info   : LethalLib] Utilities.Init()
[Info   :   BepInEx] Loading [More Ship Upgrades 3.1.1]
[Info   :   BepInEx] Loading [Lethal Company Input Utils 0.6.2]
[Info   :Lethal Company Input Utils] Registered InputUtilsExtendedMouse Layout Override!
[Info   :Lethal Company Input Utils] InputUtils 0.6.2 has finished loading!
[Info   :   BepInEx] Loading [LethalMissions 1.1.8]
[Info   :LethalMissions] Loading missions for language: en
[Info   :LethalMissions] Installing patches...
[Info   :LethalMissions] Loading assets...
[Info   :LethalMissions] MissionsMenu asset loaded
[Info   :LethalMissions] MissionItem asset loaded
[Info   :LethalMissions] Registering commands...
[Warning:LethalMissions] Using atomic.terminalapi for commands
[Message:Terminal Api] Not in game, waiting to be in game to add missions keyword.
[Info   :LethalMissions] Patching with netcode...
[Info   :LethalMissions] Plugin LethalMissions is loaded!
[Info   :   BepInEx] Loading [ReservedItemSlotCore 1.8.17]
[Info   :ReservedItemSlotCore-1.8.17] BindingConfigs
[Info   :ReservedItemSlotCore-1.8.17] Cleaning old config entries
[Info   :ReservedItemSlotCore-1.8.17] ReservedItemSlotCore loaded
[Info   :   BepInEx] Loading [ReservedFlashlightSlot 1.6.3]
[Info   :ReservedFlashlightSlot-1.6.3] BindingConfigs
[Info   :ReservedFlashlightSlot-1.6.3] Cleaning old config entries
[Info   :ReservedFlashlightSlot-1.6.3] ReservedFlashlightSlot loaded
[Info   :   BepInEx] Loading [ReservedWalkieSlot 1.6.2]
[Info   :ReservedWalkieSlot-1.6.2] BindingConfigs
[Info   :ReservedWalkieSlot-1.6.2] Cleaning old config entries
[Info   :ReservedWalkieSlot-1.6.2] ReservedWalkieSlot loaded
[Info   :   BepInEx] Loading [CSync 1.0.6]
[Info   :   BepInEx] Loading [HealthMetrics 1.0.0]
[Info   :Matsuura.HealthMetrics] HealthMetrics Awake
[Info   :   BepInEx] Loading [FacilityMeltdown 2.0.2]
[Info   :me.loaforc.facilitymeltdown] Initalising assets...
[Info   :me.loaforc.facilitymeltdown] Doing networky stuff
[Info   :me.loaforc.facilitymeltdown] FacilityMeltdown, Version=1.0.0.0, Culture=neutral, PublicKeyToken=null
[Info   :me.loaforc.facilitymeltdown] FacilityMeltdown, Version=1.0.0.0, Culture=neutral, PublicKeyToken=null
[Info   :me.loaforc.facilitymeltdown] FacilityMeltdown, Version=1.0.0.0, Culture=neutral, PublicKeyToken=null
[Info   :me.loaforc.facilitymeltdown] FacilityMeltdown, Version=1.0.0.0, Culture=neutral, PublicKeyToken=null
[Info   :me.loaforc.facilitymeltdown] FacilityMeltdown, Version=1.0.0.0, Culture=neutral, PublicKeyToken=null
[Info   :me.loaforc.facilitymeltdown] FacilityMeltdown, Version=1.0.0.0, Culture=neutral, PublicKeyToken=null
[Info   :me.loaforc.facilitymeltdown] FacilityMeltdown, Version=1.0.0.0, Culture=neutral, PublicKeyToken=null
[Info   :me.loaforc.facilitymeltdown] FacilityMeltdown, Version=1.0.0.0, Culture=neutral, PublicKeyToken=null
[Info   :me.loaforc.facilitymeltdown] FacilityMeltdown, Version=1.0.0.0, Culture=neutral, PublicKeyToken=null
[Info   :me.loaforc.facilitymeltdown] FacilityMeltdown, Version=1.0.0.0, Culture=neutral, PublicKeyToken=null
[Info   :me.loaforc.facilitymeltdown] FacilityMeltdown, Version=1.0.0.0, Culture=neutral, PublicKeyToken=null
[Info   :me.loaforc.facilitymeltdown] FacilityMeltdown, Version=1.0.0.0, Culture=neutral, PublicKeyToken=null
[Info   :me.loaforc.facilitymeltdown] FacilityMeltdown, Version=1.0.0.0, Culture=neutral, PublicKeyToken=null
[Info   :me.loaforc.facilitymeltdown] FacilityMeltdown, Version=1.0.0.0, Culture=neutral, PublicKeyToken=null
[Warning:me.loaforc.facilitymeltdown] Caught exception: System.IO.FileNotFoundException: Could not load file or assembly 'LethalSettings, Version=1.3.0.0, Culture=neutral, PublicKeyToken=null' or one of its dependencies.
File name: 'LethalSettings, Version=1.3.0.0, Culture=neutral, PublicKeyToken=null'
  at (wrapper managed-to-native) System.Reflection.MonoMethodInfo.get_method_info(intptr,System.Reflection.MonoMethodInfo&)
  at System.Reflection.MonoMethodInfo.GetMethodInfo (System.IntPtr handle) [0x00000] in <787acc3c9a4c471ba7d971300105af24>:IL_0000 
  at System.Reflection.RuntimeMethodInfo.GetPseudoCustomAttributes () [0x00002] in <787acc3c9a4c471ba7d971300105af24>:IL_0002 
  at System.MonoCustomAttrs.GetPseudoCustomAttributes (System.Reflection.ICustomAttributeProvider obj, System.Type attributeType) [0x0000c] in <787acc3c9a4c471ba7d971300105af24>:IL_000C 
  at System.MonoCustomAttrs.GetCustomAttributesBase (System.Reflection.ICustomAttributeProvider obj, System.Type attributeType, System.Boolean inheritedOnly) [0x00021] in <787acc3c9a4c471ba7d971300105af24>:IL_0021 
  at System.MonoCustomAttrs.GetCustomAttributes (System.Reflection.ICustomAttributeProvider obj, System.Type attributeType, System.Boolean inherit) [0x00037] in <787acc3c9a4c471ba7d971300105af24>:IL_0037 
  at System.Reflection.RuntimeMethodInfo.GetCustomAttributes (System.Type attributeType, System.Boolean inherit) [0x00000] in <787acc3c9a4c471ba7d971300105af24>:IL_0000 
  at FacilityMeltdown.MeltdownPlugin.RegisterNetworking () [0x00053] in <8186809e0ec347fd9acbf0eb5b6602ae>:IL_0053 
[Warning:me.loaforc.facilitymeltdown] why does this not work
[Info   :me.loaforc.facilitymeltdown] = Registering Network Prefabs
[Info   :me.loaforc.facilitymeltdown] Setting up config...
[Info   :me.loaforc.facilitymeltdown] Checking for any mod settings managers...
[Info   :me.loaforc.facilitymeltdown] Setting up LethalConfig settings
[Info   :ainavt.lc.lethalconfig] Registered config "FacilityMeltdown/GameBalance/OverrideAppartusValue"
[Info   :ainavt.lc.lethalconfig] Registered config "FacilityMeltdown/GameBalance/AppartusValue"
[Info   :ainavt.lc.lethalconfig] Registered config "FacilityMeltdown/GameBalance/MonsterSpawnAmount"
[Info   :ainavt.lc.lethalconfig] Registered config "FacilityMeltdown/GameBalance/EmergencyLights"
[Info   :ainavt.lc.lethalconfig] Registered config "FacilityMeltdown/GameBalance/ShipScannerCooldown"
[Info   :ainavt.lc.lethalconfig] Registered config "FacilityMeltdown/GameBalance/ShipScannerAccuracy"
[Info   :ainavt.lc.lethalconfig] Registered config "FacilityMeltdown/GameBalance/MeltdownTime"
[Info   :ainavt.lc.lethalconfig] Registered config "FacilityMeltdown/Audio/MusicVolume"
[Info   :ainavt.lc.lethalconfig] Registered config "FacilityMeltdown/Audio/MusicPlaysOutside"
[Info   :ainavt.lc.lethalconfig] Registered config "FacilityMeltdown/Visuals/ScreenShake"
[Info   :ainavt.lc.lethalconfig] Registered config "FacilityMeltdown/Visuals/ParticleEffects"
[Info   :me.loaforc.facilitymeltdown] Applying patches.
[Info   :me.loaforc.facilitymeltdown] Using own API to register sequence effects.
[Info   :me.loaforc.facilitymeltdown] Creating commands
[Message:Terminal Api] Not in game, waiting to be in game to add health keyword.
[Message:Terminal Api] Not in game, waiting to be in game to add reactor keyword.
[Info   :me.loaforc.facilitymeltdown] Registering Items
[Info   :me.loaforc.facilitymeltdown] FacilityMeltdown:2.0.2 has succesfully loaded!
[Info   :   BepInEx] Loading [MoreCompany 1.7.4]
[Info   :MoreCompany] Loading MoreCompany...
[Info   :MoreCompany] Checking: E:\Games\Steam\steamapps\common\Lethal Company\BepInEx\plugins/MoreCompanyCosmetics
[Info   :MoreCompany] Read settings and cosmetics
[Info   :MoreCompany] Loaded cosmetic: builtin.3dglasses from bundle
[Info   :MoreCompany] Loaded cosmetic: builtin.bunnyears from bundle
[Info   :MoreCompany] Loaded cosmetic: builtin.denimhat from bundle
[Info   :MoreCompany] Loaded cosmetic: builtin.fancyglasses from bundle
[Info   :MoreCompany] Loaded cosmetic: builtin.partyglasses from bundle
[Info   :MoreCompany] Loaded cosmetic: builtin.gunholster from bundle
[Info   :MoreCompany] Loaded cosmetic: builtin.hardhat from bundle
[Info   :MoreCompany] Loaded cosmetic: builtin.jesterhat from bundle
[Info   :MoreCompany] Loaded cosmetic: builtin.kittyears from bundle
[Info   :MoreCompany] Loaded cosmetic: builtin.mimemask from bundle
[Info   :MoreCompany] Loaded cosmetic: builtin.fancypants from bundle
[Info   :MoreCompany] Loaded cosmetic: builtin.outoforder from bundle
[Info   :MoreCompany] Loaded cosmetic: builtin.partyhat from bundle
[Info   :MoreCompany] Loaded cosmetic: builtin.plaguemask from bundle
[Info   :MoreCompany] Loaded cosmetic: builtin.propellerhat from bundle
[Info   :MoreCompany] Loaded cosmetic: builtin.eyeballs from bundle
[Info   :MoreCompany] Loaded cosmetic: builtin.rudolph from bundle
[Info   :MoreCompany] Loaded cosmetic: builtin.santahat from bundle
[Info   :MoreCompany] Loaded cosmetic: builtin.slimething from bundle
[Info   :MoreCompany] Loaded cosmetic: builtin.tophat from bundle
[Info   :MoreCompany] Loaded cosmetic: builtin.watch from bundle
[Info   :MoreCompany] Loading USER COSMETICS...
[Info   :MoreCompany] Loaded MoreCompany FULLY
[Info   :   BepInEx] Loading [RuntimeNetcodeRPCValidator 0.2.5]
[Info   :   BepInEx] Loading [MoreEmotes-Sligili 1.3.3]
[Info   :MoreEmotes-Sligili] MoreEmotes loaded
[Info   :RuntimeNetcodeRPCValidator] Patched 1 ServerRPC & 1 ClientRPC on NetworkBehaviour SignEmoteText.
[Info   :RuntimeNetcodeRPCValidator] Patched 1 ServerRPC & 1 ClientRPC on NetworkBehaviour SyncAnimatorToOthers.
[Info   :RuntimeNetcodeRPCValidator] Successfully registered first patch for type PlayerControllerB.Awake | Triggered by MoreEmotes
[Info   :   BepInEx] Loading [Skinwalker Mod 3.0.0]
[Message:BudgetAirpods.InsanityRemastered] Skinwalker mod installed, starting integration.
[Warning:  HarmonyX] AccessTools.Field: Could not find field for type SkinwalkerMod.SkinwalkerModPersistent and name cachedAudio
[Error  :  HarmonyX] Failed to patch void SkinwalkerMod.SkinwalkerModPersistent::Update(): System.ArgumentException: No such field defined in class SkinwalkerMod.SkinwalkerModPersistent
Parameter name: cachedAudio
  at HarmonyLib.Public.Patching.HarmonyManipulator.EmitCallParameter (System.Reflection.MethodInfo patch, System.Boolean allowFirsParamPassthrough, Mono.Cecil.Cil.VariableDefinition& tmpObjectVar, System.Collections.Generic.List`1[HarmonyLib.Public.Patching.HarmonyManipulator+ArgumentBoxInfo]& tmpBoxVars) [0x002b6] in <474744d65d8e460fa08cd5fd82b5d65f>:IL_02B6 
  at HarmonyLib.Public.Patching.HarmonyManipulator.WritePrefixes (HarmonyLib.Internal.Util.ILEmitter+Label returnLabel) [0x00179] in <474744d65d8e460fa08cd5fd82b5d65f>:IL_0179 
  at HarmonyLib.Public.Patching.HarmonyManipulator.WriteImpl () [0x0022c] in <474744d65d8e460fa08cd5fd82b5d65f>:IL_022C 
[Error  :   BepInEx] Error loading [Skinwalker Mod 3.0.0] : IL Compile Error (unknown location)
[Info   :   BepInEx] Loading [Yippee tbh mod 1.2.3]
[Info   :sunnobunno.YippeeMod] sunnobunno.YippeeMod is loading.
[Info   :sunnobunno.YippeeMod] sunnobunno.YippeeMod is loaded. Yippee!!!
[Info   :   BepInEx] Loading [CoilHeadStare 1.0.3]
[Info   :TDP.CoilHeadStare] CoilHeadStare 1.0.3 loaded.
[Info   :   BepInEx] Loading [Late Company 1.0.10]
[Info   :Late Company] Late Company loaded!
[Info   :   BepInEx] Loading [Mimics 2.3.2]
[Info   :    Mimics] Plugin Mimics is loaded!
[Info   :   BepInEx] Loading [More Suits 1.4.1]
[Info   :More Suits] Plugin More Suits is loaded!
[Message:   BepInEx] Chainloader startup complete
[Info   :ReservedFlashlightSlot-1.6.3] Initializing hotkeys.
[Info   :ReservedWalkieSlot-1.6.2] Initializing hotkeys.
[Info   :ainavt.lc.lethalconfig] Injecting mod config menu into main menu...
[Info   :ainavt.lc.lethalconfig] Injecting mod config menu into main menu...
[Info   :ainavt.lc.lethalconfig] 21 mods loaded: ainavt.lc.lethalconfig;atomic.terminalapi;BudgetAirpods.InsanityRemastered;evaisa.lethallib;com.malco.lethalcompany.moreshipupgrades;com.rune580.LethalCompanyInputUtils;com.nozz.lethalmissions;FlipMods.ReservedItemSlotCore;FlipMods.ReservedFlashlightSlot;FlipMods.ReservedWalkieSlot;io.github.CSync;Matsuura.HealthMetrics;me.loaforc.facilitymeltdown;me.swipez.melonloader.morecompany;NicholaScott.BepInEx.RuntimeNetcodeRPCValidator;MoreEmotes;sunnobunno.YippeeMod;TDP.CoilHeadStare;twig.latecompany;x753.Mimics;x753.More_Suits
[Warning:ainavt.lc.lethalconfig] No UI component found for config of type Color (More Ship Upgrades/Night Vision/Night Vision Color)
[Info   :ainavt.lc.lethalconfig] Generated 13 mod entries.
[Info   :ainavt.lc.lethalconfig] Generated 310 configs, of which 291 were missing and registered.
[Info   :ainavt.lc.lethalconfig] Saved config values for 1 items.
[Info   :ainavt.lc.lethalconfig] Modified 1 item(s) that requires a restart.
